[0, 38.64, 34.19, 34.75, 35.860000]
[1, 23.24, 21.59, 23.95, 22.926667]
[2, 34.48, 27.54, 31.42, 31.146667]
[3, 28.44, 36.34, 38.86, 34.546667]
[4, 30.72, 28.55, 30.03, 29.766667]
[5, 37.99, 34.89, 37.76, 36.880000]
[6, 33.32, 27.47, 35.14, 31.976667]
[7, 33.79, 32.02, 31.89, 32.566667]
[8, 29.83, 29.40, 29.58, 29.603333]
[9, 40.00, 36.79, 37.99, 38.260000]
[10, 31.55, 34.69, 34.99, 33.743333]
[11, 38.29, 36.77, 35.84, 36.966667]
[12, 37.19, 38.38, 38.77, 38.113333]
[13, 38.42, 36.03, 37.13, 37.193333]
[14, 25.61, 28.09, 27.26, 26.986667]
[15, 29.57, 27.34, 30.61, 29.173333]
[16, 42.76, 44.80, 41.84, 43.133333]
[17, 29.07, 30.95, 29.76, 29.926667]
[18, 41.75, 40.48, 39.07, 40.433333]
[19, 36.29, 38.71, 38.90, 37.966667]
[20, 40.18, 37.29, 39.12, 38.863333]
[21, 40.75, 43.66, 42.60, 42.336667]
[22, 41.44, 42.06, 39.51, 41.003333]
[23, 47.01, 39.16, 43.67, 43.280000]
[24, 40.86, 38.99, 37.13, 38.993333]
[25, 44.21, 42.48, 42.09, 42.926667]
[26, 25.59, 24.86, 25.43, 25.293333]
[27, 44.54, 40.59, 43.39, 42.840000]
[28, 42.12, 44.83, 42.33, 43.093333]
[29, 21.08, 28.75, 24.90, 24.910000]
[30, 47.78, 44.14, 46.06, 45.993333]
[31, 28.74, 30.18, 32.09, 30.336667]
[32, 41.59, 41.86, 41.37, 41.606667]
[33, 46.68, 42.59, 44.96, 44.743333]
[34, 46.13, 44.16, 42.23, 44.173333]
[35, 41.07, 43.35, 43.61, 42.676667]
[36, 46.26, 45.05, 45.81, 45.706667]
[37, 29.15, 27.78, 25.14, 27.356667]
[38, 43.80, 46.10, 41.93, 43.943333]
[39, 32.72, 34.03, 24.02, 30.256667]
[40, 39.36, 38.89, 39.24, 39.163333]
[41, 34.05, 34.62, 33.31, 33.993333]
[42, 27.16, 30.03, 31.62, 29.603333]
[43, 39.74, 43.01, 37.08, 39.943333]
[44, 38.49, 36.73, 38.56, 37.926667]
[45, 42.54, 38.81, 40.38, 40.576667]
[46, 35.20, 39.10, 39.70, 38.000000]
[47, 38.70, 41.51, 41.48, 40.563333]
[48, 38.87, 41.37, 41.70, 40.646667]
[49, 39.39, 34.21, 37.31, 36.970000]
[50, 67.12, 72.2, 66.39, 68.57]
[51, 72.43, 70.66, 69.07, 70.72]
[52, 66.64, 64.43, 70.27, 67.11333333333333]
[53, 63.8, 60.06, 60.32, 61.39333333333334]
[54, 66.28, 68.4, 64.14, 66.27333333333333]
[55, 66.55, 68.45, 69.19, 68.06333333333333]
[56, 56.6, 55.87, 54.53, 55.666666666666664]
[57, 60.54, 60.13, 60.28, 60.31666666666666]
[58, 6.69, 69.95, 71.73, 49.45666666666667]
[59, 63.32, 65.02, 65.48, 64.60666666666667]