[0, 1.02, 0.94, 5.64, 2.533333333333333]
[1, 2.53, 6.41, 4.3, 4.413333333333333]
[2, 5.23, 6.12, 9.35, 6.900000000000001]
[3, 9.39, 8.37, 11.67, 9.81]
[4, 9.59, 9.91, 8.62, 9.373333333333333]
[5, 6.51, 7.28, 9.41, 7.733333333333333]
[6, 6.81, 9.43, 7.75, 7.996666666666666]
[7, 9.57, 9.38, 11.37, 10.106666666666667]
[8, 7.24, 7.9, 8.43, 7.8566666666666665]
[9, 9.16, 7.9, 9.99, 9.016666666666667]
[10, 9.55, 13.72, 12.2, 11.823333333333332]
[11, 10.22, 10.59, 10.53, 10.446666666666667]
[12, 11.91, 9.25, 13.17, 11.443333333333333]
[13, 14.71, 13.63, 14.7, 14.34666666666667]
[14, 5.71, 10.7, 6.49, 7.633333333333333]
[15, 8.13, 8.88, 14.04, 10.35]
[16, 14.66, 10.08, 9.15, 11.296666666666667]
[17, 7.7, 8.56, 9.1, 8.453333333333333]
[18, 9.67, 9.5, 11.78, 10.316666666666668]
[19, 12.77, 11.41, 11.77, 11.983333333333334]
[20, 17.57, 19.45, 20.5, 19.173333333333332]
[21, 21.84, 23.95, 20.71, 22.166666666666668]
[22, 16.1, 18.77, 18.3, 17.723333333333333]
[23, 25.3, 17.53, 16.8, 19.876666666666665]
[24, 22.08, 19.14, 19.34, 20.186666666666667]
[25, 13.15, 14.8, 14.66, 14.203333333333333]
[26, 15.14, 20.7, 17.0, 17.613333333333333]
[27, 16.89, 21.44, 20.11, 19.48]
[28, 13.75, 17.41, 14.62, 15.26]
[29, 15.98, 14.76, 15.35, 15.363333333333335]
[30, 17.89, 19.06, 19.7, 18.883333333333336]
[31, 16.09, 21.15, 23.45, 20.23]
[32, 30.61, 33.32, 31.35, 31.76]
[33, 22.34, 23.74, 21.1, 22.393333333333334]
[34, 25.06, 23.17, 26.98, 25.070000000000004]
[35, 26.78, 22.7, 26.87, 25.450000000000003]
[36, 21.94, 19.94, 21.89, 21.256666666666668]
[37, 18.21, 21.39, 16.45, 18.683333333333334]
[38, 28.13, 22.69, 23.92, 24.913333333333338]
[39, 25.38, 22.04, 19.34, 22.253333333333334]
[40, 34.48, 33.1, 31.4, 32.99333333333333]
[41, 27.85, 23.27, 21.21, 24.110000000000003]
[42, 26.88, 26.3, 25.79, 26.323333333333334]
[43, 27.98, 26.31, 26.14, 26.810000000000002]
[44, 36.27, 37.8, 33.48, 35.849999999999994]
[45, 31.08, 31.42, 32.39, 31.63]
[46, 33.11, 32.19, 32.72, 32.67333333333333]
[47, 33.86, 32.17, 33.07, 33.03333333333333]
[48, 35.66, 34.95, 33.5, 34.70333333333333]
[49, 32.64, 30.08, 29.0, 30.573333333333334]
[50, 59.12, 57.77, 61.47, 59.45333333333334]
[51, 73.68, 74.31, 75.92, 74.63666666666667]
[52, 69.73, 77.01, 75.88, 74.20666666666666]
[53, 65.44, 64.59, 71.2, 67.07666666666667]
[54, 65.23, 65.76, 63.92, 64.97000000000001]
[55, 68.77, 72.35, 68.05, 69.72333333333334]
[56, 62.0, 61.79, 61.17, 61.65333333333333]
[57, 63.31, 63.85, 62.37, 63.17666666666667]
[58, 67.48, 71.35, 76.09, 71.64]
[59, 65.53, 63.81, 68.23, 65.85666666666667]
[60, 73.74, 76.30, 76.50, 75.51333333333334]

